 Click → flightTab
[2025-11-25T09:58:02.727Z] [DEBUG] Click → flightTab
 Click → RoundTrip
[2025-11-25T09:58:07.116Z] [DEBUG] Click → RoundTrip
 Click → departureAirport
[2025-11-25T09:58:08.668Z] [DEBUG] Click → departureAirport
 Type → fromAirportInput | Value: chennai | Delay: 0ms
[2025-11-25T09:58:09.017Z] [DEBUG] Type → fromAirportInput | value="chennai"
 Click → chennaiOption
[2025-11-25T09:58:09.677Z] [DEBUG] Click → chennaiOption
 Click → DestinationAirport
[2025-11-25T09:58:13.198Z] [DEBUG] Click → DestinationAirport
 Type → toAirportInput | Value: bangalore | Delay: 0ms
[2025-11-25T09:58:13.456Z] [DEBUG] Type → toAirportInput | value="bangalore"
 Click → bangaloreOption
[2025-11-25T09:58:14.174Z] [DEBUG] Click → bangaloreOption
 Click → TravelDate
[2025-11-25T09:58:14.320Z] [DEBUG] Click → TravelDate
[RUNTIME] STORED → SelectedFlightDate: 25
 Click → todayDate
[2025-11-25T09:58:14.598Z] [DEBUG] Click → todayDate
[2025-11-25T09:58:14.657Z] [WARN] Retry attempt 1/2 failed (59ms)
   → locator.waitFor: Unexpected token "`" while parsing css selector "`(//span[text()="${datetoday}"])[1]`". Did you mean to CSS.escape it?
Call log:
  - waiting for `(//span[text()="${datetoday}"])[1]` to be visible

[2025-11-25T09:58:14.659Z] [DEBUG] ⏳ Waiting 3622.571070273146ms before retry 2...
[2025-11-25T09:58:18.288Z] [DEBUG] Click → todayDate
[2025-11-25T09:58:18.306Z] [WARN] Retry attempt 2/2 failed (18ms)
   → locator.waitFor: Unexpected token "`" while parsing css selector "`(//span[text()="${datetoday}"])[1]`". Did you mean to CSS.escape it?
Call log:
  - waiting for `(//span[text()="${datetoday}"])[1]` to be visible

[2025-11-25T09:58:18.306Z] [ERROR]  All 2 retry attempts FAILED.
[2025-11-25T09:58:18.306Z] [ERROR]  Error in BasePage.click (todayDate): locator.waitFor: Unexpected token "`" while parsing css selector "`(//span[text()="${datetoday}"])[1]`". Did you mean to CSS.escape it?
Call log:
  - waiting for `(//span[text()="${datetoday}"])[1]` to be visible

[2025-11-25T09:58:18.306Z] [ERROR] locator.waitFor: Unexpected token "`" while parsing css selector "`(//span[text()="${datetoday}"])[1]`". Did you mean to CSS.escape it?
Call log:
  - waiting for `(//span[text()="${datetoday}"])[1]` to be visible

    at fn (C:\enterprise-playwright-tests\src\utils\elementUtils.ts:120:21)
    at Function.retry (C:\enterprise-playwright-tests\src\utils\retryUtils.ts:104:30)
    at Function.click (C:\enterprise-playwright-tests\src\utils\elementUtils.ts:116:5)
    at _errorHandler.ErrorHandler.handle.context (C:\enterprise-playwright-tests\src\pages\basePage.ts:380:9)
    at Function.handle (C:\enterprise-playwright-tests\src\utils\errorHandler.ts:71:14)
    at EasyMyTripPageForFlight.selectFlightDates (C:\enterprise-playwright-tests\src\pages\easyMyTripForFlight.ts:81:9)
    at C:\enterprise-playwright-tests\src\tests\esaymytripfight.spec.ts:14:5
