 Click → flightTab
[2025-11-25T09:26:38.284Z] [DEBUG] Click → flightTab
 Click → RoundTrip
[2025-11-25T09:26:39.321Z] [DEBUG] Click → RoundTrip
 Click → departureAirport
[2025-11-25T09:26:41.017Z] [DEBUG] Click → departureAirport
 Type → fromAirportInput | Value: chennai | Delay: 0ms
[2025-11-25T09:26:41.246Z] [DEBUG] Type → fromAirportInput | value="chennai"
 Click → chennaiOption
[2025-11-25T09:26:42.166Z] [DEBUG] Click → chennaiOption
 Click → DestinationAirport
[2025-11-25T09:26:42.380Z] [DEBUG] Click → DestinationAirport
 Type → toAirportInput | Value: bangalore | Delay: 0ms
[2025-11-25T09:26:42.663Z] [DEBUG] Type → toAirportInput | value="bangalore"
 Click → bangaloreOption
[2025-11-25T09:26:43.459Z] [DEBUG] Click → bangaloreOption
 Click → TravelDate
[2025-11-25T09:26:43.604Z] [DEBUG] Click → TravelDate
[RUNTIME] STORED → SelectedFlightDate: 25
 Click → todayDate
[2025-11-25T09:26:43.843Z] [DEBUG] Click → todayDate
[2025-11-25T09:26:43.881Z] [WARN] Retry attempt 1/2 failed (37ms)
   → locator.waitFor: SyntaxError: Failed to execute 'evaluate' on 'Document': The string '(//span[contains(text(),$("SelectedFlightDate"))])[2]' is not a valid XPath expression.
    at Object.queryAll (<anonymous>:5979:25)
    at InjectedScript._queryEngineAll (<anonymous>:6664:49)
    at InjectedScript.querySelectorAll (<anonymous>:6651:30)
    at eval (eval at evaluate (:290:30), <anonymous>:4:35)
    at UtilityScript.evaluate (<anonymous>:292:16)
    at UtilityScript.<anonymous> (<anonymous>:1:44)
Call log:
  - waiting for locator('xpath=(//span[contains(text(),$("SelectedFlightDate"))])[2]') to be visible

[2025-11-25T09:26:43.881Z] [DEBUG] ⏳ Waiting 3745.563424892585ms before retry 2...
[2025-11-25T09:26:47.639Z] [DEBUG] Click → todayDate
[2025-11-25T09:26:47.662Z] [WARN] Retry attempt 2/2 failed (23ms)
   → locator.waitFor: SyntaxError: Failed to execute 'evaluate' on 'Document': The string '(//span[contains(text(),$("SelectedFlightDate"))])[2]' is not a valid XPath expression.
    at Object.queryAll (<anonymous>:5979:25)
    at InjectedScript._queryEngineAll (<anonymous>:6664:49)
    at InjectedScript.querySelectorAll (<anonymous>:6651:30)
    at eval (eval at evaluate (:290:30), <anonymous>:4:35)
    at UtilityScript.evaluate (<anonymous>:292:16)
    at UtilityScript.<anonymous> (<anonymous>:1:44)
Call log:
  - waiting for locator('xpath=(//span[contains(text(),$("SelectedFlightDate"))])[2]') to be visible

[2025-11-25T09:26:47.663Z] [ERROR]  All 2 retry attempts FAILED.
[2025-11-25T09:26:47.663Z] [ERROR]  Error in BasePage.click (todayDate): locator.waitFor: SyntaxError: Failed to execute 'evaluate' on 'Document': The string '(//span[contains(text(),$("SelectedFlightDate"))])[2]' is not a valid XPath expression.
    at Object.queryAll (<anonymous>:5979:25)
    at InjectedScript._queryEngineAll (<anonymous>:6664:49)
    at InjectedScript.querySelectorAll (<anonymous>:6651:30)
    at eval (eval at evaluate (:290:30), <anonymous>:4:35)
    at UtilityScript.evaluate (<anonymous>:292:16)
    at UtilityScript.<anonymous> (<anonymous>:1:44)
Call log:
  - waiting for locator('xpath=(//span[contains(text(),$("SelectedFlightDate"))])[2]') to be visible

[2025-11-25T09:26:47.663Z] [ERROR] locator.waitFor: SyntaxError: Failed to execute 'evaluate' on 'Document': The string '(//span[contains(text(),$("SelectedFlightDate"))])[2]' is not a valid XPath expression.
    at Object.queryAll (<anonymous>:5979:25)
    at InjectedScript._queryEngineAll (<anonymous>:6664:49)
    at InjectedScript.querySelectorAll (<anonymous>:6651:30)
    at eval (eval at evaluate (:290:30), <anonymous>:4:35)
    at UtilityScript.evaluate (<anonymous>:292:16)
    at UtilityScript.<anonymous> (<anonymous>:1:44)
Call log:
  - waiting for locator('xpath=(//span[contains(text(),$("SelectedFlightDate"))])[2]') to be visible

    at fn (C:\enterprise-playwright-tests\src\utils\elementUtils.ts:120:21)
    at Function.retry (C:\enterprise-playwright-tests\src\utils\retryUtils.ts:104:30)
    at Function.click (C:\enterprise-playwright-tests\src\utils\elementUtils.ts:116:5)
    at _errorHandler.ErrorHandler.handle.context (C:\enterprise-playwright-tests\src\pages\basePage.ts:380:9)
    at Function.handle (C:\enterprise-playwright-tests\src\utils\errorHandler.ts:71:14)
    at EasyMyTripPageForFlight.selectFlightDates (C:\enterprise-playwright-tests\src\pages\easyMyTripForFlight.ts:78:9)
    at C:\enterprise-playwright-tests\src\tests\esaymytripfight.spec.ts:14:5
