<testsuites id="" name="" tests="1" failures="0" skipped="0" errors="0" time="36.11327299999999">
<testsuite name="easyMyTrip.spec.ts" timestamp="2025-11-25T10:54:09.526Z" hostname="chromium" tests="1" failures="0" skipped="0" time="33.688" errors="0">
<testcase name="EasyMyTrip Hotel Booking Test" classname="easyMyTrip.spec.ts" time="33.688">
<system-out>
<![CDATA[ Wait For Visible → hotelBooking (Timeout: 60000ms)
[90m[2025-11-25T10:54:17.978Z] [DEBUG] Wait: visible → Hotels | timeout: 60000ms[0m
[90m[2025-11-25T10:54:18.194Z] [DEBUG] Visible in 215ms → Hotels[0m
[RUNTIME] STORED → HotelBookingTab: Hotels
Hotel Booking Tab Text Stored Successfully Hotels
 Click → hotelBooking
[90m[2025-11-25T10:54:18.310Z] [DEBUG] Click → hotelBooking[0m
 Wait For Visible → enterCityName (Timeout: 60000ms)
[90m[2025-11-25T10:54:19.745Z] [DEBUG] Wait: visible → class,\'selectHtlCity\')]') | timeout: 60000ms[0m
[90m[2025-11-25T10:54:21.483Z] [DEBUG] Visible in 1737ms → class,\'selectHtlCity\')]')[0m
 Click → enterCityName
[90m[2025-11-25T10:54:21.484Z] [DEBUG] Click → enterCityName[0m
 Type → enteringCityName | Value: Goa | Delay: 0ms
[90m[2025-11-25T10:54:23.182Z] [DEBUG] Type → enteringCityName | value="Goa"[0m
Entered City Name:  North Goa
 Click → check_In
[90m[2025-11-25T10:54:24.518Z] [DEBUG] Click → check_In[0m
 Click → check_out
[90m[2025-11-25T10:54:25.055Z] [DEBUG] Click → check_out[0m
[RUNTIME] STORED → RawCheckIn: 27Nov'2025
[RUNTIME] STORED → RawCheckOut: 28Nov'2025
[RUNTIME] STORED → CleanCheckIn: 27/11/2025
[RUNTIME] STORED → CleanCheckOut: 28/11/2025
Converted Check-In: 27/11/2025
Converted Check-Out: 28/11/2025
 Wait For Visible → room_guests (Timeout: 60000ms)
[90m[2025-11-25T10:54:32.306Z] [DEBUG] Wait: visible → <element> | timeout: 60000ms[0m
[90m[2025-11-25T10:54:32.386Z] [DEBUG] Visible in 80ms → <element>[0m
 Wait For Visible → adult_count (Timeout: 60000ms)
[90m[2025-11-25T10:54:32.458Z] [DEBUG] Wait: visible → id="Adults_room_1_1"]') | timeout: 60000ms[0m
[90m[2025-11-25T10:54:32.521Z] [DEBUG] Visible in 63ms → id="Adults_room_1_1"]')[0m
 Wait For Visible → child_count (Timeout: 60000ms)
[90m[2025-11-25T10:54:32.522Z] [DEBUG] Wait: visible → Children_room_1_1 | timeout: 60000ms[0m
[90m[2025-11-25T10:54:32.590Z] [DEBUG] Visible in 67ms → Children_room_1_1[0m
Adult Count in Room 1:  [33m2[39m
Child Count in Room 1:  [33m0[39m
 Click → child_plus
[90m[2025-11-25T10:54:32.684Z] [DEBUG] Click → child_plus[0m
 Wait For Visible → ages (Timeout: 60000ms)
[90m[2025-11-25T10:54:32.899Z] [DEBUG] Wait: visible → Child_Age_1_1 | timeout: 60000ms[0m
[90m[2025-11-25T10:54:32.982Z] [DEBUG] Visible in 82ms → Child_Age_1_1[0m
Between 2 and 12 → 12
 Select Option → ages | Value: "12"
 Click → addRoom
[90m[2025-11-25T10:54:33.095Z] [DEBUG] Click → addRoom[0m
 Wait For Visible → Room_2 (Timeout: 60000ms)
[90m[2025-11-25T10:54:33.442Z] [DEBUG] Wait: visible → <element> | timeout: 60000ms[0m
[90m[2025-11-25T10:54:33.536Z] [DEBUG] Visible in 94ms → <element>[0m
 Click → done
[90m[2025-11-25T10:54:34.098Z] [DEBUG] Click → done[0m
Room and Guests Selected:  2 Room, 6 Guests
 Wait For Visible → searchHotels (Timeout: 60000ms)
[90m[2025-11-25T10:54:34.943Z] [DEBUG] Wait: visible → id="btnSearch"]') | timeout: 60000ms[0m
[90m[2025-11-25T10:54:34.972Z] [DEBUG] Visible in 29ms → id="btnSearch"]')[0m
 Click → searchHotels
[90m[2025-11-25T10:54:34.972Z] [DEBUG] Click → searchHotels[0m
 Wait For Visible → afterenteredCityName (Timeout: 60000ms)
[90m[2025-11-25T10:54:35.720Z] [DEBUG] Wait: visible → City name, Location or Specific hotel | timeout: 60000ms[0m
[90m[2025-11-25T10:54:37.012Z] [DEBUG] Visible in 1292ms → City name, Location or Specific hotel[0m
Expected City Name:  North Goa
Actual City Name from page:  North Goa, India
 City name verification passed
 Wait For Visible → AfterenteredRoomsGuests (Timeout: 60000ms)
[90m[2025-11-25T10:54:38.489Z] [DEBUG] Wait: visible → guests_selected guests-selected | timeout: 60000ms[0m
[90m[2025-11-25T10:54:38.604Z] [DEBUG] Visible in 115ms → guests_selected guests-selected[0m
Expected Rooms/Guests:  2 Room, 6 Guests
Actual Rooms/Guests:  2 Room, 6 Guests
 Rooms and guests verification passed
[RUNTIME] STORED → Check_In_Date: 27/11/2025
[RUNTIME] STORED → Check_Out_Date: 28/11/2025
 Check-In and Check-Out date verification passed
 Wait For Visible → Popularity (Timeout: 60000ms)
[90m[2025-11-25T10:54:38.863Z] [DEBUG] Wait: visible → Popularity | timeout: 60000ms[0m
[90m[2025-11-25T10:54:38.903Z] [DEBUG] Visible in 40ms → Popularity[0m
 Click → Popularity
[90m[2025-11-25T10:54:38.903Z] [DEBUG] Click → Popularity[0m
 Wait For Visible → Price (Timeout: 60000ms)
[90m[2025-11-25T10:54:39.341Z] [DEBUG] Wait: visible → High to Low | timeout: 60000ms[0m
[90m[2025-11-25T10:54:39.422Z] [DEBUG] Visible in 81ms → High to Low[0m
 Click → Price
[90m[2025-11-25T10:54:39.422Z] [DEBUG] Click → Price[0m
Total Hotels Found:  [33m18[39m
Hotels sorted by Price (High to Low): [
  { name: [32m'Novotel Goa Panjim'[39m, price: [33m70998[39m, reviews: [32m''[39m },
  { name: [32m'The Fern Kadamba Hotel And Spa'[39m, price: [33m20239[39m, reviews: [32m''[39m },
  {
    name: [32m'Doubletree By Hilton Goa-Panaji'[39m,
    price: [33m18000[39m,
    reviews: [32m''[39m
  },
  { name: [32m'Mateus Boutique Hotel'[39m, price: [33m16363[39m, reviews: [32m''[39m },
  { name: [32m'Span Suites & Villas'[39m, price: [33m15831[39m, reviews: [32m''[39m },
  { name: [32m'Sn Blue Hotel'[39m, price: [33m14080[39m, reviews: [32m''[39m },
  { name: [32m'Welcomheritage Panjim Inn'[39m, price: [33m11832[39m, reviews: [32m''[39m },
  { name: [32m'Mercure Goa Devaaya Resort'[39m, price: [33m11550[39m, reviews: [32m''[39m },
  { name: [32m'Panaji Residency'[39m, price: [33m11492[39m, reviews: [32m''[39m },
  { name: [32m'Hotel Menino Executive'[39m, price: [33m9678[39m, reviews: [32m''[39m },
  { name: [32m'Hotel Golden Plateau'[39m, price: [33m9522[39m, reviews: [32m''[39m },
  { name: [32m'Comfort Inn Elite Goa'[39m, price: [33m9208[39m, reviews: [32m''[39m },
  { name: [32m'Visao'[39m, price: [33m8952[39m, reviews: [32m''[39m },
  { name: [32m'Westwood Residence'[39m, price: [33m8715[39m, reviews: [32m''[39m },
  { name: [32m'Hotel Swarnam'[39m, price: [33m8408[39m, reviews: [32m''[39m },
  { name: [32m"Marquito's Guest House"[39m, price: [33m6220[39m, reviews: [32m''[39m },
  { name: [32m'Kuber Mandovi Bay'[39m, price: [33m5733[39m, reviews: [32m''[39m },
  { name: [32m'Hotel Sona'[39m, price: [33m5009[39m, reviews: [32m''[39m }
]
📁 Excel saved automatically → C:\enterprise-playwright-tests\test-results\excel\Excel_EasyMyTrip_Hotel_Booking_Test_2025-11-25T10-54-44-029Z.xlsx
]]>
</system-out>
</testcase>
</testsuite>
</testsuites>